<?xml version="1.0" encoding="UTF-8" standalone="yes"?><!DOCTYPE report PUBLIC "-//JACOCO//DTD Report 1.1//EN" "report.dtd"><report name="demo"><sessioninfo id="MSI-39dfb7fb" start="1748157872894" dump="1748157873605"/><package name="com/example"><class name="com/example/Triangle" sourcefilename="Triangle.java"><method name="&lt;init&gt;" desc="()V" line="3"><counter type="INSTRUCTION" missed="3" covered="0"/><counter type="LINE" missed="1" covered="0"/><counter type="COMPLEXITY" missed="1" covered="0"/><counter type="METHOD" missed="1" covered="0"/></method><method name="classify" desc="(III)Ljava/lang/String;" line="7"><counter type="INSTRUCTION" missed="0" covered="62"/><counter type="BRANCH" missed="4" covered="24"/><counter type="LINE" missed="0" covered="13"/><counter type="COMPLEXITY" missed="4" covered="11"/><counter type="METHOD" missed="0" covered="1"/></method><counter type="INSTRUCTION" missed="3" covered="62"/><counter type="BRANCH" missed="4" covered="24"/><counter type="LINE" missed="1" covered="13"/><counter type="COMPLEXITY" missed="5" covered="11"/><counter type="METHOD" missed="1" covered="1"/><counter type="CLASS" missed="0" covered="1"/></class><sourcefile name="Triangle.java"><line nr="3" mi="3" ci="0" mb="0" cb="0"/><line nr="7" mi="0" ci="6" mb="0" cb="4"/><line nr="8" mi="0" ci="2" mb="0" cb="0"/><line nr="10" mi="0" ci="6" mb="0" cb="4"/><line nr="11" mi="0" ci="2" mb="0" cb="0"/><line nr="13" mi="0" ci="6" mb="0" cb="4"/><line nr="14" mi="0" ci="2" mb="0" cb="0"/><line nr="18" mi="0" ci="15" mb="2" cb="4"/><line nr="19" mi="0" ci="2" mb="0" cb="0"/><line nr="23" mi="0" ci="6" mb="0" cb="4"/><line nr="24" mi="0" ci="2" mb="0" cb="0"/><line nr="26" mi="0" ci="9" mb="2" cb="4"/><line nr="27" mi="0" ci="2" mb="0" cb="0"/><line nr="29" mi="0" ci="2" mb="0" cb="0"/><counter type="INSTRUCTION" missed="3" covered="62"/><counter type="BRANCH" missed="4" covered="24"/><counter type="LINE" missed="1" covered="13"/><counter type="COMPLEXITY" missed="5" covered="11"/><counter type="METHOD" missed="1" covered="1"/><counter type="CLASS" missed="0" covered="1"/></sourcefile><counter type="INSTRUCTION" missed="3" covered="62"/><counter type="BRANCH" missed="4" covered="24"/><counter type="LINE" missed="1" covered="13"/><counter type="COMPLEXITY" missed="5" covered="11"/><counter type="METHOD" missed="1" covered="1"/><counter type="CLASS" missed="0" covered="1"/></package><counter type="INSTRUCTION" missed="3" covered="62"/><counter type="BRANCH" missed="4" covered="24"/><counter type="LINE" missed="1" covered="13"/><counter type="COMPLEXITY" missed="5" covered="11"/><counter type="METHOD" missed="1" covered="1"/><counter type="CLASS" missed="0" covered="1"/></report>